[ 2014-07-19T07:42:34+08:00 ] 127.0.0.1 /jkd_cms/
INFO: [ app_begin ] --START--
INFO: ReadHtmlCache Behavior ::run [ RunTime:0.000893s ]
INFO: [ app_begin ] --END-- [ RunTime:0.001087s ]
NOTIC: [8] A session had already been started - ignoring session_start() E:\APMServ5.2.6\www\htdocs\jkd_cms\Public\core\Common\functions.php 第 566 行.
INFO: [ view_parse ] --START--
INFO: ParseTemplate Behavior ::run [ RunTime:0.057665s ]
INFO: [ view_parse ] --END-- [ RunTime:0.057811s ]
INFO: [ view_filter ] --START--
INFO: ContentReplace Behavior ::run [ RunTime:0.001119s ]
INFO: TokenBuild Behavior ::run [ RunTime:0.000845s ]
INFO: WriteHtmlCache Behavior ::run [ RunTime:0.000955s ]
INFO: ShowRuntime Behavior ::run [ RunTime:0.000872s ]
INFO: [ view_filter ] --END-- [ RunTime:0.003999s ]
INFO: [ view_end ] --START--
INFO: ShowPageTrace Behavior ::run [ RunTime:0.000838s ]
INFO: [ view_end ] --END-- [ RunTime:0.000906s ]

[ 2014-07-19T08:10:39+08:00 ] 127.0.0.1 /jkd_cms/
INFO: [ app_begin ] --START--
INFO: ReadHtmlCache Behavior ::run [ RunTime:0.001498s ]
INFO: [ app_begin ] --END-- [ RunTime:0.001633s ]
NOTIC: [8] A session had already been started - ignoring session_start() E:\APMServ5.2.6\www\htdocs\jkd_cms\Public\core\Common\functions.php 第 566 行.
INFO: [ view_parse ] --START--
INFO: ParseTemplate Behavior ::run [ RunTime:0.028428s ]
INFO: [ view_parse ] --END-- [ RunTime:0.028679s ]
INFO: [ view_filter ] --START--
INFO: ContentReplace Behavior ::run [ RunTime:0.001744s ]
INFO: TokenBuild Behavior ::run [ RunTime:0.001394s ]
INFO: WriteHtmlCache Behavior ::run [ RunTime:0.001344s ]
INFO: ShowRuntime Behavior ::run [ RunTime:0.001719s ]
INFO: [ view_filter ] --END-- [ RunTime:0.006532s ]
INFO: [ view_end ] --START--
INFO: ShowPageTrace Behavior ::run [ RunTime:0.001290s ]
INFO: [ view_end ] --END-- [ RunTime:0.001374s ]

[ 2014-07-19T08:10:42+08:00 ] 127.0.0.1 /jkd_cms/
INFO: [ app_begin ] --START--
INFO: ReadHtmlCache Behavior ::run [ RunTime:0.002703s ]
INFO: [ app_begin ] --END-- [ RunTime:0.002906s ]
NOTIC: [8] A session had already been started - ignoring session_start() E:\APMServ5.2.6\www\htdocs\jkd_cms\Public\core\Common\functions.php 第 566 行.
INFO: [ view_parse ] --START--
INFO: ParseTemplate Behavior ::run [ RunTime:0.021645s ]
INFO: [ view_parse ] --END-- [ RunTime:0.021850s ]
INFO: [ view_filter ] --START--
INFO: ContentReplace Behavior ::run [ RunTime:0.001772s ]
INFO: TokenBuild Behavior ::run [ RunTime:0.001472s ]
INFO: WriteHtmlCache Behavior ::run [ RunTime:0.001439s ]
INFO: ShowRuntime Behavior ::run [ RunTime:0.001786s ]
INFO: [ view_filter ] --END-- [ RunTime:0.006698s ]
INFO: [ view_end ] --START--
INFO: ShowPageTrace Behavior ::run [ RunTime:0.002134s ]
INFO: [ view_end ] --END-- [ RunTime:0.002286s ]

[ 2014-07-19T08:10:43+08:00 ] 127.0.0.1 /jkd_cms/
INFO: [ app_begin ] --START--
INFO: ReadHtmlCache Behavior ::run [ RunTime:0.001426s ]
INFO: [ app_begin ] --END-- [ RunTime:0.001536s ]
NOTIC: [8] A session had already been started - ignoring session_start() E:\APMServ5.2.6\www\htdocs\jkd_cms\Public\core\Common\functions.php 第 566 行.
INFO: [ view_parse ] --START--
INFO: ParseTemplate Behavior ::run [ RunTime:0.022640s ]
INFO: [ view_parse ] --END-- [ RunTime:0.022795s ]
INFO: [ view_filter ] --START--
INFO: ContentReplace Behavior ::run [ RunTime:0.001649s ]
INFO: TokenBuild Behavior ::run [ RunTime:0.001693s ]
INFO: WriteHtmlCache Behavior ::run [ RunTime:0.001363s ]
INFO: ShowRuntime Behavior ::run [ RunTime:0.001412s ]
INFO: [ view_filter ] --END-- [ RunTime:0.006353s ]
INFO: [ view_end ] --START--
INFO: ShowPageTrace Behavior ::run [ RunTime:0.001635s ]
INFO: [ view_end ] --END-- [ RunTime:0.001958s ]

[ 2014-07-19T08:10:47+08:00 ] 127.0.0.1 /jkd_cms/
INFO: [ app_begin ] --START--
INFO: ReadHtmlCache Behavior ::run [ RunTime:0.001446s ]
INFO: [ app_begin ] --END-- [ RunTime:0.001559s ]
NOTIC: [8] A session had already been started - ignoring session_start() E:\APMServ5.2.6\www\htdocs\jkd_cms\Public\core\Common\functions.php 第 566 行.
INFO: [ view_parse ] --START--
INFO: ParseTemplate Behavior ::run [ RunTime:0.020807s ]
INFO: [ view_parse ] --END-- [ RunTime:0.020969s ]
INFO: [ view_filter ] --START--
INFO: ContentReplace Behavior ::run [ RunTime:0.001934s ]
INFO: TokenBuild Behavior ::run [ RunTime:0.001418s ]
INFO: WriteHtmlCache Behavior ::run [ RunTime:0.001310s ]
INFO: ShowRuntime Behavior ::run [ RunTime:0.001429s ]
INFO: [ view_filter ] --END-- [ RunTime:0.006627s ]
INFO: [ view_end ] --START--
INFO: ShowPageTrace Behavior ::run [ RunTime:0.001235s ]
INFO: [ view_end ] --END-- [ RunTime:0.001353s ]

