[ 2014-07-18T14:19:46+08:00 ] 127.0.0.1 /jkd_cms/
INFO: [ app_begin ] --START--
INFO: ReadHtmlCache Behavior ::run [ RunTime:0.000336s ]
INFO: [ app_begin ] --END-- [ RunTime:0.000477s ]
NOTIC: [8] A session had already been started - ignoring session_start() E:\APMServ5.2.6\www\htdocs\jkd_cms\Public\core\Common\functions.php 第 566 行.
INFO: [ view_parse ] --START--
INFO: ParseTemplate Behavior ::run [ RunTime:0.021990s ]
INFO: [ view_parse ] --END-- [ RunTime:0.022158s ]
INFO: [ view_filter ] --START--
INFO: ContentReplace Behavior ::run [ RunTime:0.000471s ]
INFO: TokenBuild Behavior ::run [ RunTime:0.000363s ]
INFO: WriteHtmlCache Behavior ::run [ RunTime:0.000208s ]
INFO: ShowRuntime Behavior ::run [ RunTime:0.000283s ]
INFO: [ view_filter ] --END-- [ RunTime:0.001517s ]
INFO: [ view_end ] --START--
INFO: ShowPageTrace Behavior ::run [ RunTime:0.000247s ]
INFO: [ view_end ] --END-- [ RunTime:0.000314s ]

[ 2014-07-18T14:19:48+08:00 ] 127.0.0.1 /jkd_cms/
INFO: [ app_begin ] --START--
INFO: ReadHtmlCache Behavior ::run [ RunTime:0.001092s ]
INFO: [ app_begin ] --END-- [ RunTime:0.001278s ]
NOTIC: [8] A session had already been started - ignoring session_start() E:\APMServ5.2.6\www\htdocs\jkd_cms\Public\core\Common\functions.php 第 566 行.
INFO: [ view_parse ] --START--
INFO: ParseTemplate Behavior ::run [ RunTime:0.021520s ]
INFO: [ view_parse ] --END-- [ RunTime:0.021795s ]
INFO: [ view_filter ] --START--
INFO: ContentReplace Behavior ::run [ RunTime:0.001291s ]
INFO: TokenBuild Behavior ::run [ RunTime:0.000820s ]
INFO: WriteHtmlCache Behavior ::run [ RunTime:0.000740s ]
INFO: ShowRuntime Behavior ::run [ RunTime:0.001263s ]
INFO: [ view_filter ] --END-- [ RunTime:0.004364s ]
INFO: [ view_end ] --START--
INFO: ShowPageTrace Behavior ::run [ RunTime:0.001004s ]
INFO: [ view_end ] --END-- [ RunTime:0.001081s ]

[ 2014-07-18T14:23:03+08:00 ] 127.0.0.1 /jkd_cms/
INFO: [ app_begin ] --START--
INFO: ReadHtmlCache Behavior ::run [ RunTime:0.000850s ]
INFO: [ app_begin ] --END-- [ RunTime:0.000958s ]
NOTIC: [8] A session had already been started - ignoring session_start() E:\APMServ5.2.6\www\htdocs\jkd_cms\Public\core\Common\functions.php 第 566 行.
INFO: [ view_parse ] --START--
INFO: ParseTemplate Behavior ::run [ RunTime:0.015608s ]
INFO: [ view_parse ] --END-- [ RunTime:0.015755s ]
INFO: [ view_filter ] --START--
INFO: ContentReplace Behavior ::run [ RunTime:0.001053s ]
INFO: TokenBuild Behavior ::run [ RunTime:0.000812s ]
INFO: WriteHtmlCache Behavior ::run [ RunTime:0.001410s ]
INFO: ShowRuntime Behavior ::run [ RunTime:0.001543s ]
INFO: [ view_filter ] --END-- [ RunTime:0.005073s ]
INFO: [ view_end ] --START--
INFO: ShowPageTrace Behavior ::run [ RunTime:0.001394s ]
INFO: [ view_end ] --END-- [ RunTime:0.001464s ]

[ 2014-07-18T14:29:19+08:00 ] 127.0.0.1 /jkd_cms/
INFO: [ app_begin ] --START--
INFO: ReadHtmlCache Behavior ::run [ RunTime:0.000861s ]
INFO: [ app_begin ] --END-- [ RunTime:0.000967s ]
NOTIC: [8] A session had already been started - ignoring session_start() E:\APMServ5.2.6\www\htdocs\jkd_cms\Public\core\Common\functions.php 第 566 行.
INFO: [ view_parse ] --START--
INFO: ParseTemplate Behavior ::run [ RunTime:0.016034s ]
INFO: [ view_parse ] --END-- [ RunTime:0.016182s ]
INFO: [ view_filter ] --START--
INFO: ContentReplace Behavior ::run [ RunTime:0.001586s ]
INFO: TokenBuild Behavior ::run [ RunTime:0.001347s ]
INFO: WriteHtmlCache Behavior ::run [ RunTime:0.001674s ]
INFO: ShowRuntime Behavior ::run [ RunTime:0.001391s ]
INFO: [ view_filter ] --END-- [ RunTime:0.006235s ]
INFO: [ view_end ] --START--
INFO: ShowPageTrace Behavior ::run [ RunTime:0.001335s ]
INFO: [ view_end ] --END-- [ RunTime:0.001405s ]

[ 2014-07-18T14:29:38+08:00 ] 127.0.0.1 /jkd_cms/
INFO: [ app_begin ] --START--
INFO: ReadHtmlCache Behavior ::run [ RunTime:0.000868s ]
INFO: [ app_begin ] --END-- [ RunTime:0.000976s ]
NOTIC: [8] A session had already been started - ignoring session_start() E:\APMServ5.2.6\www\htdocs\jkd_cms\Public\core\Common\functions.php 第 566 行.
INFO: [ view_parse ] --START--
INFO: ParseTemplate Behavior ::run [ RunTime:0.015523s ]
INFO: [ view_parse ] --END-- [ RunTime:0.015666s ]
INFO: [ view_filter ] --START--
INFO: ContentReplace Behavior ::run [ RunTime:0.001043s ]
INFO: TokenBuild Behavior ::run [ RunTime:0.000814s ]
INFO: WriteHtmlCache Behavior ::run [ RunTime:0.000752s ]
INFO: ShowRuntime Behavior ::run [ RunTime:0.000825s ]
INFO: [ view_filter ] --END-- [ RunTime:0.003631s ]
INFO: [ view_end ] --START--
INFO: ShowPageTrace Behavior ::run [ RunTime:0.000807s ]
INFO: [ view_end ] --END-- [ RunTime:0.000876s ]

[ 2014-07-18T14:33:53+08:00 ] 127.0.0.1 /jkd_cms/
INFO: [ app_begin ] --START--
INFO: ReadHtmlCache Behavior ::run [ RunTime:0.000917s ]
INFO: [ app_begin ] --END-- [ RunTime:0.001046s ]
NOTIC: [8] A session had already been started - ignoring session_start() E:\APMServ5.2.6\www\htdocs\jkd_cms\Public\core\Common\functions.php 第 566 行.
INFO: [ view_parse ] --START--
INFO: ParseTemplate Behavior ::run [ RunTime:0.015664s ]
INFO: [ view_parse ] --END-- [ RunTime:0.015807s ]
INFO: [ view_filter ] --START--
INFO: ContentReplace Behavior ::run [ RunTime:0.001573s ]
INFO: TokenBuild Behavior ::run [ RunTime:0.001335s ]
INFO: WriteHtmlCache Behavior ::run [ RunTime:0.001281s ]
INFO: ShowRuntime Behavior ::run [ RunTime:0.001355s ]
INFO: [ view_filter ] --END-- [ RunTime:0.005745s ]
INFO: [ view_end ] --START--
INFO: ShowPageTrace Behavior ::run [ RunTime:0.001338s ]
INFO: [ view_end ] --END-- [ RunTime:0.001407s ]

[ 2014-07-18T14:34:32+08:00 ] 127.0.0.1 /jkd_cms/
INFO: [ app_begin ] --START--
INFO: ReadHtmlCache Behavior ::run [ RunTime:0.000857s ]
INFO: [ app_begin ] --END-- [ RunTime:0.000966s ]
NOTIC: [8] A session had already been started - ignoring session_start() E:\APMServ5.2.6\www\htdocs\jkd_cms\Public\core\Common\functions.php 第 566 行.
INFO: [ view_parse ] --START--
INFO: ParseTemplate Behavior ::run [ RunTime:0.015422s ]
INFO: [ view_parse ] --END-- [ RunTime:0.015569s ]
INFO: [ view_filter ] --START--
INFO: ContentReplace Behavior ::run [ RunTime:0.001603s ]
INFO: TokenBuild Behavior ::run [ RunTime:0.000825s ]
INFO: WriteHtmlCache Behavior ::run [ RunTime:0.001567s ]
INFO: ShowRuntime Behavior ::run [ RunTime:0.001434s ]
INFO: [ view_filter ] --END-- [ RunTime:0.005675s ]
INFO: [ view_end ] --START--
INFO: ShowPageTrace Behavior ::run [ RunTime:0.001370s ]
INFO: [ view_end ] --END-- [ RunTime:0.001439s ]

[ 2014-07-18T14:34:40+08:00 ] 127.0.0.1 /jkd_cms/
INFO: [ app_begin ] --START--
INFO: ReadHtmlCache Behavior ::run [ RunTime:0.000856s ]
INFO: [ app_begin ] --END-- [ RunTime:0.000969s ]
NOTIC: [8] A session had already been started - ignoring session_start() E:\APMServ5.2.6\www\htdocs\jkd_cms\Public\core\Common\functions.php 第 566 行.
INFO: [ view_parse ] --START--
INFO: ParseTemplate Behavior ::run [ RunTime:0.015487s ]
INFO: [ view_parse ] --END-- [ RunTime:0.015635s ]
INFO: [ view_filter ] --START--
INFO: ContentReplace Behavior ::run [ RunTime:0.001047s ]
INFO: TokenBuild Behavior ::run [ RunTime:0.000814s ]
INFO: WriteHtmlCache Behavior ::run [ RunTime:0.000750s ]
INFO: ShowRuntime Behavior ::run [ RunTime:0.000829s ]
INFO: [ view_filter ] --END-- [ RunTime:0.003635s ]
INFO: [ view_end ] --START--
INFO: ShowPageTrace Behavior ::run [ RunTime:0.000805s ]
INFO: [ view_end ] --END-- [ RunTime:0.000872s ]

[ 2014-07-18T14:36:08+08:00 ] 127.0.0.1 /jkd_cms/
INFO: [ app_begin ] --START--
INFO: ReadHtmlCache Behavior ::run [ RunTime:0.000309s ]
INFO: [ app_begin ] --END-- [ RunTime:0.000410s ]
NOTIC: [8] A session had already been started - ignoring session_start() E:\APMServ5.2.6\www\htdocs\jkd_cms\Public\core\Common\functions.php 第 566 行.
INFO: [ view_parse ] --START--
INFO: ParseTemplate Behavior ::run [ RunTime:0.013505s ]
INFO: [ view_parse ] --END-- [ RunTime:0.013646s ]
INFO: [ view_filter ] --START--
INFO: ContentReplace Behavior ::run [ RunTime:0.001598s ]
INFO: TokenBuild Behavior ::run [ RunTime:0.000547s ]
INFO: WriteHtmlCache Behavior ::run [ RunTime:0.001302s ]
INFO: ShowRuntime Behavior ::run [ RunTime:0.001655s ]
INFO: [ view_filter ] --END-- [ RunTime:0.005311s ]
INFO: [ view_end ] --START--
INFO: ShowPageTrace Behavior ::run [ RunTime:0.001354s ]
INFO: [ view_end ] --END-- [ RunTime:0.001424s ]

[ 2014-07-18T14:36:27+08:00 ] 127.0.0.1 /jkd_cms/
INFO: [ app_begin ] --START--
INFO: ReadHtmlCache Behavior ::run [ RunTime:0.000838s ]
INFO: [ app_begin ] --END-- [ RunTime:0.000949s ]
NOTIC: [8] A session had already been started - ignoring session_start() E:\APMServ5.2.6\www\htdocs\jkd_cms\Public\core\Common\functions.php 第 566 行.
INFO: [ view_parse ] --START--
INFO: ParseTemplate Behavior ::run [ RunTime:0.015163s ]
INFO: [ view_parse ] --END-- [ RunTime:0.015307s ]
INFO: [ view_filter ] --START--
INFO: ContentReplace Behavior ::run [ RunTime:0.001578s ]
INFO: TokenBuild Behavior ::run [ RunTime:0.001340s ]
INFO: WriteHtmlCache Behavior ::run [ RunTime:0.001277s ]
INFO: ShowRuntime Behavior ::run [ RunTime:0.001549s ]
INFO: [ view_filter ] --END-- [ RunTime:0.005987s ]
INFO: [ view_end ] --START--
INFO: ShowPageTrace Behavior ::run [ RunTime:0.001525s ]
INFO: [ view_end ] --END-- [ RunTime:0.001601s ]

[ 2014-07-18T14:36:49+08:00 ] 127.0.0.1 /jkd_cms/
INFO: [ app_begin ] --START--
INFO: ReadHtmlCache Behavior ::run [ RunTime:0.000315s ]
INFO: [ app_begin ] --END-- [ RunTime:0.000417s ]
NOTIC: [8] A session had already been started - ignoring session_start() E:\APMServ5.2.6\www\htdocs\jkd_cms\Public\core\Common\functions.php 第 566 行.
INFO: [ view_parse ] --START--
INFO: ParseTemplate Behavior ::run [ RunTime:0.014346s ]
INFO: [ view_parse ] --END-- [ RunTime:0.014500s ]
INFO: [ view_filter ] --START--
INFO: ContentReplace Behavior ::run [ RunTime:0.001584s ]
INFO: TokenBuild Behavior ::run [ RunTime:0.001327s ]
INFO: WriteHtmlCache Behavior ::run [ RunTime:0.001673s ]
INFO: ShowRuntime Behavior ::run [ RunTime:0.001401s ]
INFO: [ view_filter ] --END-- [ RunTime:0.006227s ]
INFO: [ view_end ] --START--
INFO: ShowPageTrace Behavior ::run [ RunTime:0.001325s ]
INFO: [ view_end ] --END-- [ RunTime:0.001394s ]

[ 2014-07-18T14:37:36+08:00 ] 127.0.0.1 /jkd_cms/
INFO: [ app_begin ] --START--
INFO: ReadHtmlCache Behavior ::run [ RunTime:0.000859s ]
INFO: [ app_begin ] --END-- [ RunTime:0.000966s ]
NOTIC: [8] A session had already been started - ignoring session_start() E:\APMServ5.2.6\www\htdocs\jkd_cms\Public\core\Common\functions.php 第 566 行.
INFO: [ view_parse ] --START--
INFO: ParseTemplate Behavior ::run [ RunTime:0.016476s ]
INFO: [ view_parse ] --END-- [ RunTime:0.016651s ]
INFO: [ view_filter ] --START--
INFO: ContentReplace Behavior ::run [ RunTime:0.001600s ]
INFO: TokenBuild Behavior ::run [ RunTime:0.000899s ]
INFO: WriteHtmlCache Behavior ::run [ RunTime:0.001726s ]
INFO: ShowRuntime Behavior ::run [ RunTime:0.001405s ]
INFO: [ view_filter ] --END-- [ RunTime:0.005922s ]
INFO: [ view_end ] --START--
INFO: ShowPageTrace Behavior ::run [ RunTime:0.001339s ]
INFO: [ view_end ] --END-- [ RunTime:0.001413s ]

[ 2014-07-18T14:38:02+08:00 ] 127.0.0.1 /jkd_cms/
INFO: [ app_begin ] --START--
INFO: ReadHtmlCache Behavior ::run [ RunTime:0.000969s ]
INFO: [ app_begin ] --END-- [ RunTime:0.001137s ]
NOTIC: [8] A session had already been started - ignoring session_start() E:\APMServ5.2.6\www\htdocs\jkd_cms\Public\core\Common\functions.php 第 566 行.
INFO: [ view_parse ] --START--
INFO: ParseTemplate Behavior ::run [ RunTime:0.015775s ]
INFO: [ view_parse ] --END-- [ RunTime:0.015922s ]
INFO: [ view_filter ] --START--
INFO: ContentReplace Behavior ::run [ RunTime:0.001040s ]
INFO: TokenBuild Behavior ::run [ RunTime:0.000810s ]
INFO: WriteHtmlCache Behavior ::run [ RunTime:0.000745s ]
INFO: ShowRuntime Behavior ::run [ RunTime:0.000821s ]
INFO: [ view_filter ] --END-- [ RunTime:0.003608s ]
INFO: [ view_end ] --START--
INFO: ShowPageTrace Behavior ::run [ RunTime:0.001121s ]
INFO: [ view_end ] --END-- [ RunTime:0.001224s ]

[ 2014-07-18T14:38:08+08:00 ] 127.0.0.1 /jkd_cms/
INFO: [ app_begin ] --START--
INFO: ReadHtmlCache Behavior ::run [ RunTime:0.000305s ]
INFO: [ app_begin ] --END-- [ RunTime:0.000406s ]
NOTIC: [8] A session had already been started - ignoring session_start() E:\APMServ5.2.6\www\htdocs\jkd_cms\Public\core\Common\functions.php 第 566 行.
INFO: [ view_parse ] --START--
INFO: ParseTemplate Behavior ::run [ RunTime:0.013409s ]
INFO: [ view_parse ] --END-- [ RunTime:0.013553s ]
INFO: [ view_filter ] --START--
INFO: ContentReplace Behavior ::run [ RunTime:0.000468s ]
INFO: TokenBuild Behavior ::run [ RunTime:0.000259s ]
INFO: WriteHtmlCache Behavior ::run [ RunTime:0.000205s ]
INFO: ShowRuntime Behavior ::run [ RunTime:0.000286s ]
INFO: [ view_filter ] --END-- [ RunTime:0.001401s ]
INFO: [ view_end ] --START--
INFO: ShowPageTrace Behavior ::run [ RunTime:0.000253s ]
INFO: [ view_end ] --END-- [ RunTime:0.000319s ]

[ 2014-07-18T14:38:50+08:00 ] 127.0.0.1 /jkd_cms/
INFO: [ app_begin ] --START--
INFO: ReadHtmlCache Behavior ::run [ RunTime:0.000318s ]
INFO: [ app_begin ] --END-- [ RunTime:0.000422s ]
NOTIC: [8] A session had already been started - ignoring session_start() E:\APMServ5.2.6\www\htdocs\jkd_cms\Public\core\Common\functions.php 第 566 行.
INFO: [ view_parse ] --START--
INFO: ParseTemplate Behavior ::run [ RunTime:0.013912s ]
INFO: [ view_parse ] --END-- [ RunTime:0.014055s ]
INFO: [ view_filter ] --START--
INFO: ContentReplace Behavior ::run [ RunTime:0.001583s ]
INFO: TokenBuild Behavior ::run [ RunTime:0.000551s ]
INFO: WriteHtmlCache Behavior ::run [ RunTime:0.001306s ]
INFO: ShowRuntime Behavior ::run [ RunTime:0.001383s ]
INFO: [ view_filter ] --END-- [ RunTime:0.005019s ]
INFO: [ view_end ] --START--
INFO: ShowPageTrace Behavior ::run [ RunTime:0.001493s ]
INFO: [ view_end ] --END-- [ RunTime:0.001660s ]

[ 2014-07-18T16:03:46+08:00 ] 127.0.0.1 /jkd_cms/
INFO: [ app_begin ] --START--
INFO: ReadHtmlCache Behavior ::run [ RunTime:0.001510s ]
INFO: [ app_begin ] --END-- [ RunTime:0.001745s ]
NOTIC: [8] A session had already been started - ignoring session_start() E:\APMServ5.2.6\www\htdocs\jkd_cms\Public\core\Common\functions.php 第 566 行.
INFO: [ view_parse ] --START--
INFO: ParseTemplate Behavior ::run [ RunTime:0.016958s ]
INFO: [ view_parse ] --END-- [ RunTime:0.017143s ]
INFO: [ view_filter ] --START--
INFO: ContentReplace Behavior ::run [ RunTime:0.001577s ]
INFO: TokenBuild Behavior ::run [ RunTime:0.000822s ]
INFO: WriteHtmlCache Behavior ::run [ RunTime:0.001289s ]
INFO: ShowRuntime Behavior ::run [ RunTime:0.001369s ]
INFO: [ view_filter ] --END-- [ RunTime:0.005258s ]
INFO: [ view_end ] --START--
INFO: ShowPageTrace Behavior ::run [ RunTime:0.001344s ]
INFO: [ view_end ] --END-- [ RunTime:0.001414s ]

[ 2014-07-18T16:55:03+08:00 ] 127.0.0.1 /jkd_cms/index.php/Jkd/Login/logo
INFO: [ route_check ] --START--
INFO: CheckRoute Behavior ::run [ RunTime:0.000851s ]
INFO: [ route_check ] --END-- [ RunTime:0.000975s ]
INFO: [ app_begin ] --START--
INFO: ReadHtmlCache Behavior ::run [ RunTime:0.000829s ]
INFO: [ app_begin ] --END-- [ RunTime:0.000903s ]
NOTIC: [8] A session had already been started - ignoring session_start() E:\APMServ5.2.6\www\htdocs\jkd_cms\Public\core\Common\functions.php 第 566 行.
ERR: 无法加载模块:Jkd

[ 2014-07-18T16:55:06+08:00 ] 127.0.0.1 /jkd_cms/
INFO: [ app_begin ] --START--
INFO: ReadHtmlCache Behavior ::run [ RunTime:0.000381s ]
INFO: [ app_begin ] --END-- [ RunTime:0.000500s ]
NOTIC: [8] A session had already been started - ignoring session_start() E:\APMServ5.2.6\www\htdocs\jkd_cms\Public\core\Common\functions.php 第 566 行.
INFO: [ view_parse ] --START--
INFO: ParseTemplate Behavior ::run [ RunTime:0.017256s ]
INFO: [ view_parse ] --END-- [ RunTime:0.017853s ]
INFO: [ view_filter ] --START--
INFO: ContentReplace Behavior ::run [ RunTime:0.001808s ]
INFO: TokenBuild Behavior ::run [ RunTime:0.001370s ]
INFO: WriteHtmlCache Behavior ::run [ RunTime:0.001602s ]
INFO: ShowRuntime Behavior ::run [ RunTime:0.001477s ]
INFO: [ view_filter ] --END-- [ RunTime:0.006524s ]
INFO: [ view_end ] --START--
INFO: ShowPageTrace Behavior ::run [ RunTime:0.001350s ]
INFO: [ view_end ] --END-- [ RunTime:0.001423s ]

[ 2014-07-18T20:34:51+08:00 ] 127.0.0.1 /jkd_cms/
INFO: [ app_begin ] --START--
INFO: ReadHtmlCache Behavior ::run [ RunTime:0.001144s ]
INFO: [ app_begin ] --END-- [ RunTime:0.001283s ]
NOTIC: [8] A session had already been started - ignoring session_start() E:\APMServ5.2.6\www\htdocs\jkd_cms\Public\core\Common\functions.php 第 566 行.
INFO: [ view_parse ] --START--
INFO: ParseTemplate Behavior ::run [ RunTime:0.034818s ]
INFO: [ view_parse ] --END-- [ RunTime:0.034970s ]
INFO: [ view_filter ] --START--
INFO: ContentReplace Behavior ::run [ RunTime:0.001046s ]
INFO: TokenBuild Behavior ::run [ RunTime:0.001007s ]
INFO: WriteHtmlCache Behavior ::run [ RunTime:0.001114s ]
INFO: ShowRuntime Behavior ::run [ RunTime:0.000874s ]
INFO: [ view_filter ] --END-- [ RunTime:0.004335s ]
INFO: [ view_end ] --START--
INFO: ShowPageTrace Behavior ::run [ RunTime:0.000809s ]
INFO: [ view_end ] --END-- [ RunTime:0.000878s ]

[ 2014-07-18T20:56:42+08:00 ] 127.0.0.1 /jkd_cms/
INFO: [ app_begin ] --START--
INFO: ReadHtmlCache Behavior ::run [ RunTime:0.001059s ]
INFO: [ app_begin ] --END-- [ RunTime:0.001285s ]
NOTIC: [8] A session had already been started - ignoring session_start() E:\APMServ5.2.6\www\htdocs\jkd_cms\Public\core\Common\functions.php 第 566 行.
INFO: [ view_parse ] --START--
INFO: ParseTemplate Behavior ::run [ RunTime:0.020014s ]
INFO: [ view_parse ] --END-- [ RunTime:0.020198s ]
INFO: [ view_filter ] --START--
INFO: ContentReplace Behavior ::run [ RunTime:0.002227s ]
INFO: TokenBuild Behavior ::run [ RunTime:0.001673s ]
INFO: WriteHtmlCache Behavior ::run [ RunTime:0.001643s ]
INFO: ShowRuntime Behavior ::run [ RunTime:0.001656s ]
INFO: [ view_filter ] --END-- [ RunTime:0.007561s ]
INFO: [ view_end ] --START--
INFO: ShowPageTrace Behavior ::run [ RunTime:0.001703s ]
INFO: [ view_end ] --END-- [ RunTime:0.001809s ]

[ 2014-07-18T20:56:46+08:00 ] 127.0.0.1 /jkd_cms/
INFO: [ app_begin ] --START--
INFO: ReadHtmlCache Behavior ::run [ RunTime:0.000325s ]
INFO: [ app_begin ] --END-- [ RunTime:0.000448s ]
NOTIC: [8] A session had already been started - ignoring session_start() E:\APMServ5.2.6\www\htdocs\jkd_cms\Public\core\Common\functions.php 第 566 行.
INFO: [ view_parse ] --START--
INFO: ParseTemplate Behavior ::run [ RunTime:0.015841s ]
INFO: [ view_parse ] --END-- [ RunTime:0.016024s ]
INFO: [ view_filter ] --START--
INFO: ContentReplace Behavior ::run [ RunTime:0.001759s ]
INFO: TokenBuild Behavior ::run [ RunTime:0.001916s ]
INFO: WriteHtmlCache Behavior ::run [ RunTime:0.001380s ]
INFO: ShowRuntime Behavior ::run [ RunTime:0.001427s ]
INFO: [ view_filter ] --END-- [ RunTime:0.006720s ]
INFO: [ view_end ] --START--
INFO: ShowPageTrace Behavior ::run [ RunTime:0.001391s ]
INFO: [ view_end ] --END-- [ RunTime:0.001466s ]

